2025-10-01 00:29:48,617 - ThreadX.TkinterApp - INFO - Application ThreadX Tkinter initialisée
2025-10-01 00:29:48,617 - ThreadX.TkinterApp - INFO - Démarrage interface ThreadX Tkinter
2025-10-01 00:29:48,620 - ThreadX.TkinterApp - INFO - ThreadX Tkinter initialisé avec succès
2025-10-01 00:30:00,638 - ThreadX.TkinterApp - INFO - Démarrage du backtest...
2025-10-01 00:30:25,553 - ThreadX.TkinterApp - INFO - Démarrage du backtest...
2025-10-01 00:30:29,571 - ThreadX.TkinterApp - INFO - Démarrage du backtest...
2025-10-01 00:30:45,884 - ThreadX.TkinterApp - INFO - Vérification environnement système
2025-10-01 00:31:08,513 - ThreadX.TkinterApp - INFO - Vérification environnement système
2025-10-01 00:32:04,401 - ThreadX.TkinterApp - WARNING - Backtest mis en pause
2025-10-01 00:32:05,688 - ThreadX.TkinterApp - ERROR - Backtest arrêté
2025-10-01 06:11:23,825 - ThreadX.TkinterApp - INFO - Application ThreadX Tkinter initialisée
2025-10-01 06:11:23,826 - ThreadX.TkinterApp - INFO - Démarrage interface ThreadX Tkinter
2025-10-01 06:11:23,828 - ThreadX.TkinterApp - INFO - ThreadX Tkinter initialisé avec succès
2025-10-01 06:11:30,974 - ThreadX.TkinterApp - INFO - Démarrage du backtest...
2025-10-01 06:11:57,288 - ThreadX.TkinterApp - INFO - Vérification environnement système
2025-10-01 06:12:23,593 - ThreadX.TkinterApp - WARNING - Backtest mis en pause
2025-10-01 06:12:27,959 - ThreadX.TkinterApp - INFO - Démarrage du backtest...
2025-10-01 06:12:29,435 - ThreadX.TkinterApp - INFO - Démarrage du backtest...
2025-10-01 06:52:10,225 - ThreadX.TkinterApp - INFO - Application ThreadX Tkinter initialisée
2025-10-01 06:52:10,225 - ThreadX.TkinterApp - INFO - Démarrage interface ThreadX Tkinter
2025-10-01 06:52:10,227 - ThreadX.TkinterApp - INFO - ThreadX Tkinter initialisé avec succès
